<?xml version="1.0" encoding="UTF-8"?>
<!-- Generated by org.testng.reporters.JUnitXMLReporter -->
<testsuite hostname="DESKTOP-DEJDQ69" ignored="0" name="Test" tests="17" failures="2" timestamp="18 May 2018 20:45:26 GMT" time="41.659" errors="0">
  <testcase name="readAuthData" time="0.018" classname="scenarios.EmailAutomation"/>
  <testcase name="enterEmail" time="1.768" classname="scenarios.EmailAutomation"/>
  <testcase name="enterPasword" time="1.467" classname="scenarios.EmailAutomation"/>
  <testcase name="logIn" time="2.419" classname="scenarios.EmailAutomation"/>
  <testcase name="getEmailData" time="0.004" classname="scenarios.EmailAutomation"/>
  <testcase name="composeEmail" time="24.167" classname="scenarios.EmailAutomation">
    <failure type="org.openqa.selenium.TimeoutException" message="Expected condition failed: waiting for all conditions to be valid: presence of element located by: By.xpath: //*[contains(text(), &amp;apos;COMPOSE&amp;apos;)] &amp;amp;&amp;amp; visibility of element located by By.xpath: //*[contains(text(), &amp;apos;COMPOSE&amp;apos;)] &amp;amp;&amp;amp; element to be clickable: By.xpath: //*[contains(text(), &amp;apos;COMPOSE&amp;apos;)] (tried for 20 second(s) with 500 milliseconds interval)">
      <![CDATA[org.openqa.selenium.TimeoutException: Expected condition failed: waiting for all conditions to be valid: presence of element located by: By.xpath: //*[contains(text(), 'COMPOSE')] && visibility of element located by By.xpath: //*[contains(text(), 'COMPOSE')] && element to be clickable: By.xpath: //*[contains(text(), 'COMPOSE')] (tried for 20 second(s) with 500 milliseconds interval)
at org.openqa.selenium.support.ui.WebDriverWait.timeoutException(WebDriverWait.java:82)
at org.openqa.selenium.support.ui.FluentWait.until(FluentWait.java:272)
at utility.HelperFunctions.getButton(HelperFunctions.java:27)
at pageObjects.HomePage.composeButton(HomePage.java:13)
at modules.SendEmail.newEmail(SendEmail.java:27)
at scenarios.EmailAutomation.composeEmail(EmailAutomation.java:123)
Caused by: org.openqa.selenium.NoSuchElementException: Cannot locate an element using By.xpath: //*[contains(text(), 'COMPOSE')]
For documentation on this error, please visit: http://seleniumhq.org/exceptions/no_such_element.html
Build info: version: '3.10.0', revision: '176b4a9', time: '2018-03-02T19:03:16.397Z'
System info: host: 'DESKTOP-DEJDQ69', ip: '10.100.19.128', os.name: 'Windows 10', os.arch: 'amd64', os.version: '10.0', java.version: '1.8.0_144'
Driver info: driver.version: unknown
at org.openqa.selenium.support.ui.ExpectedConditions.lambda$findElement$0(ExpectedConditions.java:896)
at java.util.Optional.orElseThrow(Unknown Source)
at org.openqa.selenium.support.ui.ExpectedConditions.findElement(ExpectedConditions.java:895)
at org.openqa.selenium.support.ui.ExpectedConditions.access$000(ExpectedConditions.java:44)
at org.openqa.selenium.support.ui.ExpectedConditions$6.apply(ExpectedConditions.java:183)
at org.openqa.selenium.support.ui.ExpectedConditions$6.apply(ExpectedConditions.java:180)
at org.openqa.selenium.support.ui.ExpectedConditions$48.apply(ExpectedConditions.java:1470)
at org.openqa.selenium.support.ui.ExpectedConditions$48.apply(ExpectedConditions.java:1466)
at org.openqa.selenium.support.ui.FluentWait.until(FluentWait.java:249)
... 29 more
... Removed 25 stack frames]]>
    </failure>
  </testcase> <!-- composeEmail -->
  <testcase name="openEmail" time="0.006" classname="scenarios.EmailAutomation">
    <failure type="org.openqa.selenium.NoSuchSessionException" message="Session ID is null. Using WebDriver after calling quit()?
Build info: version: &amp;apos;3.10.0&amp;apos;, revision: &amp;apos;176b4a9&amp;apos;, time: &amp;apos;2018-03-02T19:03:16.397Z&amp;apos;
System info: host: &amp;apos;DESKTOP-DEJDQ69&amp;apos;, ip: &amp;apos;10.100.19.128&amp;apos;, os.name: &amp;apos;Windows 10&amp;apos;, os.arch: &amp;apos;amd64&amp;apos;, os.version: &amp;apos;10.0&amp;apos;, java.version: &amp;apos;1.8.0_144&amp;apos;
Driver info: driver.version: RemoteWebDriver">
      <![CDATA[org.openqa.selenium.NoSuchSessionException: Session ID is null. Using WebDriver after calling quit()?
Build info: version: '3.10.0', revision: '176b4a9', time: '2018-03-02T19:03:16.397Z'
System info: host: 'DESKTOP-DEJDQ69', ip: '10.100.19.128', os.name: 'Windows 10', os.arch: 'amd64', os.version: '10.0', java.version: '1.8.0_144'
Driver info: driver.version: RemoteWebDriver
at org.openqa.selenium.remote.HttpCommandExecutor.execute(HttpCommandExecutor.java:127)
at org.openqa.selenium.remote.service.DriverCommandExecutor.execute(DriverCommandExecutor.java:83)
at org.openqa.selenium.remote.RemoteWebDriver.execute(RemoteWebDriver.java:601)
at org.openqa.selenium.remote.RemoteWebDriver.findElements(RemoteWebDriver.java:398)
at org.openqa.selenium.remote.RemoteWebDriver.findElementsByXPath(RemoteWebDriver.java:477)
at org.openqa.selenium.By$ByXPath.findElements(By.java:356)
at org.openqa.selenium.remote.RemoteWebDriver.findElements(RemoteWebDriver.java:359)
at org.openqa.selenium.support.ui.ExpectedConditions.findElement(ExpectedConditions.java:895)
at org.openqa.selenium.support.ui.ExpectedConditions.access$000(ExpectedConditions.java:44)
at org.openqa.selenium.support.ui.ExpectedConditions$6.apply(ExpectedConditions.java:183)
at org.openqa.selenium.support.ui.ExpectedConditions$6.apply(ExpectedConditions.java:180)
at org.openqa.selenium.support.ui.ExpectedConditions$48.apply(ExpectedConditions.java:1470)
at org.openqa.selenium.support.ui.ExpectedConditions$48.apply(ExpectedConditions.java:1466)
at org.openqa.selenium.support.ui.FluentWait.until(FluentWait.java:249)
at utility.HelperFunctions.getButton(HelperFunctions.java:27)
at pageObjects.HomePage.emailFromList(HomePage.java:61)
at scenarios.EmailAutomation.openEmail(EmailAutomation.java:217)
... Removed 25 stack frames]]>
    </failure>
  </testcase> <!-- openEmail -->
  <testcase name="addAttachment" time="0.0" classname="scenarios.EmailAutomation">
    <skipped/>
  </testcase> <!-- addAttachment -->
  <testcase name="validateBody" time="0.0" classname="scenarios.EmailAutomation">
    <skipped/>
  </testcase> <!-- validateBody -->
  <testcase name="sendEmail" time="0.001" classname="scenarios.EmailAutomation">
    <skipped/>
  </testcase> <!-- sendEmail -->
  <testcase name="validateFrom" time="0.0" classname="scenarios.EmailAutomation">
    <skipped/>
  </testcase> <!-- validateFrom -->
  <testcase name="Logout" time="0.0" classname="scenarios.EmailAutomation">
    <skipped/>
  </testcase> <!-- Logout -->
  <testcase name="readRecepientAuthData" time="0.0" classname="scenarios.EmailAutomation">
    <skipped/>
  </testcase> <!-- readRecepientAuthData -->
  <testcase name="enterRecepientEmail" time="0.0" classname="scenarios.EmailAutomation">
    <skipped/>
  </testcase> <!-- enterRecepientEmail -->
  <testcase name="enterRecepientPasword" time="0.0" classname="scenarios.EmailAutomation">
    <skipped/>
  </testcase> <!-- enterRecepientPasword -->
  <testcase name="logInRecepient" time="0.0" classname="scenarios.EmailAutomation">
    <skipped/>
  </testcase> <!-- logInRecepient -->
  <testcase name="getRecepientEmailData" time="0.0" classname="scenarios.EmailAutomation">
    <skipped/>
  </testcase> <!-- getRecepientEmailData -->
</testsuite> <!-- Test -->
