<?xml version="1.0" encoding="UTF-8"?>
<!-- Generated by org.testng.reporters.JUnitReportReporter -->
<testsuite skipped="10" hostname="DESKTOP-DEJDQ69" name="scenarios.EmailAutomation" tests="17" failures="0" timestamp="18 May 2018 20:45:26 GMT" time="29.850" errors="2">
  <testcase name="logIn" time="2.419" classname="scenarios.EmailAutomation"/>
  <testcase name="addAttachment" time="0.000" classname="scenarios.EmailAutomation">
    <skipped/>
  </testcase> <!-- addAttachment -->
  <testcase name="enterRecepientEmail" time="0.000" classname="scenarios.EmailAutomation">
    <skipped/>
  </testcase> <!-- enterRecepientEmail -->
  <testcase name="sendEmail" time="0.001" classname="scenarios.EmailAutomation">
    <skipped/>
  </testcase> <!-- sendEmail -->
  <testcase name="validateBody" time="0.000" classname="scenarios.EmailAutomation">
    <skipped/>
  </testcase> <!-- validateBody -->
  <testcase name="validateFrom" time="0.000" classname="scenarios.EmailAutomation">
    <skipped/>
  </testcase> <!-- validateFrom -->
  <testcase name="enterRecepientPasword" time="0.000" classname="scenarios.EmailAutomation">
    <skipped/>
  </testcase> <!-- enterRecepientPasword -->
  <testcase name="openEmail" time="0.006" classname="scenarios.EmailAutomation">
    <error type="org.openqa.selenium.NoSuchSessionException" message="Session ID is null. Using WebDriver after calling quit()?
Build info: version: &#039;3.10.0&#039;, revision: &#039;176b4a9&#039;, time: &#039;2018-03-02T19:03:16.397Z&#039;
System info: host: &#039;DESKTOP-DEJDQ69&#039;, ip: &#039;10.100.19.128&#039;, os.name: &#039;Windows 10&#039;, os.arch: &#039;amd64&#039;, os.version: &#039;10.0&#039;, java.version: &#039;1.8.0_144&#039;
Driver info: driver.version: RemoteWebDriver">
      <![CDATA[org.openqa.selenium.NoSuchSessionException: Session ID is null. Using WebDriver after calling quit()?
Build info: version: '3.10.0', revision: '176b4a9', time: '2018-03-02T19:03:16.397Z'
System info: host: 'DESKTOP-DEJDQ69', ip: '10.100.19.128', os.name: 'Windows 10', os.arch: 'amd64', os.version: '10.0', java.version: '1.8.0_144'
Driver info: driver.version: RemoteWebDriver
at org.openqa.selenium.remote.HttpCommandExecutor.execute(HttpCommandExecutor.java:127)
at org.openqa.selenium.remote.service.DriverCommandExecutor.execute(DriverCommandExecutor.java:83)
at org.openqa.selenium.remote.RemoteWebDriver.execute(RemoteWebDriver.java:601)
at org.openqa.selenium.remote.RemoteWebDriver.findElements(RemoteWebDriver.java:398)
at org.openqa.selenium.remote.RemoteWebDriver.findElementsByXPath(RemoteWebDriver.java:477)
at org.openqa.selenium.By$ByXPath.findElements(By.java:356)
at org.openqa.selenium.remote.RemoteWebDriver.findElements(RemoteWebDriver.java:359)
at org.openqa.selenium.support.ui.ExpectedConditions.findElement(ExpectedConditions.java:895)
at org.openqa.selenium.support.ui.ExpectedConditions.access$000(ExpectedConditions.java:44)
at org.openqa.selenium.support.ui.ExpectedConditions$6.apply(ExpectedConditions.java:183)
at org.openqa.selenium.support.ui.ExpectedConditions$6.apply(ExpectedConditions.java:180)
at org.openqa.selenium.support.ui.ExpectedConditions$48.apply(ExpectedConditions.java:1470)
at org.openqa.selenium.support.ui.ExpectedConditions$48.apply(ExpectedConditions.java:1466)
at org.openqa.selenium.support.ui.FluentWait.until(FluentWait.java:249)
at utility.HelperFunctions.getButton(HelperFunctions.java:27)
at pageObjects.HomePage.emailFromList(HomePage.java:61)
at scenarios.EmailAutomation.openEmail(EmailAutomation.java:217)
at sun.reflect.NativeMethodAccessorImpl.invoke0(Native Method)
at sun.reflect.NativeMethodAccessorImpl.invoke(Unknown Source)
at sun.reflect.DelegatingMethodAccessorImpl.invoke(Unknown Source)
at java.lang.reflect.Method.invoke(Unknown Source)
at org.testng.internal.MethodInvocationHelper.invokeMethod(MethodInvocationHelper.java:124)
at org.testng.internal.Invoker.invokeMethod(Invoker.java:580)
at org.testng.internal.Invoker.invokeTestMethod(Invoker.java:716)
at org.testng.internal.Invoker.invokeTestMethods(Invoker.java:988)
at org.testng.internal.TestMethodWorker.invokeTestMethods(TestMethodWorker.java:125)
at org.testng.internal.TestMethodWorker.run(TestMethodWorker.java:109)
at org.testng.TestRunner.privateRun(TestRunner.java:648)
at org.testng.TestRunner.run(TestRunner.java:505)
at org.testng.SuiteRunner.runTest(SuiteRunner.java:455)
at org.testng.SuiteRunner.runSequentially(SuiteRunner.java:450)
at org.testng.SuiteRunner.privateRun(SuiteRunner.java:415)
at org.testng.SuiteRunner.run(SuiteRunner.java:364)
at org.testng.SuiteRunnerWorker.runSuite(SuiteRunnerWorker.java:52)
at org.testng.SuiteRunnerWorker.run(SuiteRunnerWorker.java:84)
at org.testng.TestNG.runSuitesSequentially(TestNG.java:1208)
at org.testng.TestNG.runSuitesLocally(TestNG.java:1137)
at org.testng.TestNG.runSuites(TestNG.java:1049)
at org.testng.TestNG.run(TestNG.java:1017)
at org.testng.remote.AbstractRemoteTestNG.run(AbstractRemoteTestNG.java:114)
at org.testng.remote.RemoteTestNG.initAndRun(RemoteTestNG.java:251)
at org.testng.remote.RemoteTestNG.main(RemoteTestNG.java:77)
]]>
    </error>
  </testcase> <!-- openEmail -->
  <testcase name="getRecepientEmailData" time="0.000" classname="scenarios.EmailAutomation">
    <skipped/>
  </testcase> <!-- getRecepientEmailData -->
  <testcase name="logInRecepient" time="0.000" classname="scenarios.EmailAutomation">
    <skipped/>
  </testcase> <!-- logInRecepient -->
  <testcase name="readRecepientAuthData" time="0.000" classname="scenarios.EmailAutomation">
    <skipped/>
  </testcase> <!-- readRecepientAuthData -->
  <testcase name="enterEmail" time="1.768" classname="scenarios.EmailAutomation"/>
  <testcase name="getEmailData" time="0.004" classname="scenarios.EmailAutomation"/>
  <testcase name="Logout" time="0.000" classname="scenarios.EmailAutomation">
    <skipped/>
  </testcase> <!-- Logout -->
  <testcase name="readAuthData" time="0.018" classname="scenarios.EmailAutomation"/>
  <testcase name="enterPasword" time="1.467" classname="scenarios.EmailAutomation"/>
  <testcase name="composeEmail" time="24.167" classname="scenarios.EmailAutomation">
    <error type="org.openqa.selenium.TimeoutException" message="Expected condition failed: waiting for all conditions to be valid: presence of element located by: By.xpath: //*[contains(text(), &#039;COMPOSE&#039;)] &amp;&amp; visibility of element located by By.xpath: //*[contains(text(), &#039;COMPOSE&#039;)] &amp;&amp; element to be clickable: By.xpath: //*[contains(text(), &#039;COMPOSE&#039;)] (tried for 20 second(s) with 500 milliseconds interval)">
      <![CDATA[org.openqa.selenium.TimeoutException: Expected condition failed: waiting for all conditions to be valid: presence of element located by: By.xpath: //*[contains(text(), 'COMPOSE')] && visibility of element located by By.xpath: //*[contains(text(), 'COMPOSE')] && element to be clickable: By.xpath: //*[contains(text(), 'COMPOSE')] (tried for 20 second(s) with 500 milliseconds interval)
at org.openqa.selenium.support.ui.WebDriverWait.timeoutException(WebDriverWait.java:82)
at org.openqa.selenium.support.ui.FluentWait.until(FluentWait.java:272)
at utility.HelperFunctions.getButton(HelperFunctions.java:27)
at pageObjects.HomePage.composeButton(HomePage.java:13)
at modules.SendEmail.newEmail(SendEmail.java:27)
at scenarios.EmailAutomation.composeEmail(EmailAutomation.java:123)
at sun.reflect.NativeMethodAccessorImpl.invoke0(Native Method)
at sun.reflect.NativeMethodAccessorImpl.invoke(Unknown Source)
at sun.reflect.DelegatingMethodAccessorImpl.invoke(Unknown Source)
at java.lang.reflect.Method.invoke(Unknown Source)
at org.testng.internal.MethodInvocationHelper.invokeMethod(MethodInvocationHelper.java:124)
at org.testng.internal.Invoker.invokeMethod(Invoker.java:580)
at org.testng.internal.Invoker.invokeTestMethod(Invoker.java:716)
at org.testng.internal.Invoker.invokeTestMethods(Invoker.java:988)
at org.testng.internal.TestMethodWorker.invokeTestMethods(TestMethodWorker.java:125)
at org.testng.internal.TestMethodWorker.run(TestMethodWorker.java:109)
at org.testng.TestRunner.privateRun(TestRunner.java:648)
at org.testng.TestRunner.run(TestRunner.java:505)
at org.testng.SuiteRunner.runTest(SuiteRunner.java:455)
at org.testng.SuiteRunner.runSequentially(SuiteRunner.java:450)
at org.testng.SuiteRunner.privateRun(SuiteRunner.java:415)
at org.testng.SuiteRunner.run(SuiteRunner.java:364)
at org.testng.SuiteRunnerWorker.runSuite(SuiteRunnerWorker.java:52)
at org.testng.SuiteRunnerWorker.run(SuiteRunnerWorker.java:84)
at org.testng.TestNG.runSuitesSequentially(TestNG.java:1208)
at org.testng.TestNG.runSuitesLocally(TestNG.java:1137)
at org.testng.TestNG.runSuites(TestNG.java:1049)
at org.testng.TestNG.run(TestNG.java:1017)
at org.testng.remote.AbstractRemoteTestNG.run(AbstractRemoteTestNG.java:114)
at org.testng.remote.RemoteTestNG.initAndRun(RemoteTestNG.java:251)
at org.testng.remote.RemoteTestNG.main(RemoteTestNG.java:77)
Caused by: org.openqa.selenium.NoSuchElementException: Cannot locate an element using By.xpath: //*[contains(text(), 'COMPOSE')]
For documentation on this error, please visit: http://seleniumhq.org/exceptions/no_such_element.html
Build info: version: '3.10.0', revision: '176b4a9', time: '2018-03-02T19:03:16.397Z'
System info: host: 'DESKTOP-DEJDQ69', ip: '10.100.19.128', os.name: 'Windows 10', os.arch: 'amd64', os.version: '10.0', java.version: '1.8.0_144'
Driver info: driver.version: unknown
at org.openqa.selenium.support.ui.ExpectedConditions.lambda$findElement$0(ExpectedConditions.java:896)
at java.util.Optional.orElseThrow(Unknown Source)
at org.openqa.selenium.support.ui.ExpectedConditions.findElement(ExpectedConditions.java:895)
at org.openqa.selenium.support.ui.ExpectedConditions.access$000(ExpectedConditions.java:44)
at org.openqa.selenium.support.ui.ExpectedConditions$6.apply(ExpectedConditions.java:183)
at org.openqa.selenium.support.ui.ExpectedConditions$6.apply(ExpectedConditions.java:180)
at org.openqa.selenium.support.ui.ExpectedConditions$48.apply(ExpectedConditions.java:1470)
at org.openqa.selenium.support.ui.ExpectedConditions$48.apply(ExpectedConditions.java:1466)
at org.openqa.selenium.support.ui.FluentWait.until(FluentWait.java:249)
... 29 more
]]>
    </error>
  </testcase> <!-- composeEmail -->
</testsuite> <!-- scenarios.EmailAutomation -->
